[01/15/16 16:27:56] [INFO] Hi, dash's go_mini_spider is running...

[01/15/16 16:27:56] [INFO] config file: ../../conf/spider.conf
[01/15/16 16:27:56] [INFO] url: http://pycm.baidu.com:8081
[01/15/16 16:27:56] [INFO] spider #0 is running
[01/15/16 16:27:56] [INFO] spider #1 is running
[01/15/16 16:27:56] [INFO] spider #2 is running
[01/15/16 16:27:56] [INFO] spider #3 is running
[01/15/16 16:27:56] [INFO] spider #4 is running
[01/15/16 16:27:56] [INFO] spider #5 is running
[01/15/16 16:27:56] [INFO] spider #6 is running
[01/15/16 16:27:56] [INFO] spider #7 is running
[01/15/16 16:27:56] [INFO] goroutine#0 parsing url:http://pycm.baidu.com:8081, depth:0
[01/15/16 16:27:56] [INFO] add job: http://pycm.baidu.com:8081/page1.html, depth:1
[01/15/16 16:27:56] [INFO] add job: http://pycm.baidu.com:8081/page2.html, depth:1
[01/15/16 16:27:56] [INFO] add job: http://pycm.baidu.com:8081/page3.html, depth:1
[01/15/16 16:27:56] [INFO] add job: http://pycm.baidu.com:8081/mirror/index.html, depth:1
[01/15/16 16:27:56] [INFO] add job: http://pycm.baidu.com:8081/javascript:location.href="page4.html", depth:1
[01/15/16 16:27:56] [INFO] goroutine#5 parsing url:http://pycm.baidu.com:8081/page1.html, depth:1
[01/15/16 16:27:56] [INFO] goroutine#2 parsing url:http://pycm.baidu.com:8081/page2.html, depth:1
[01/15/16 16:27:56] [INFO] goroutine#4 parsing url:http://pycm.baidu.com:8081/page3.html, depth:1
[01/15/16 16:27:56] [INFO] goroutine#1 parsing url:http://pycm.baidu.com:8081/javascript:location.href="page4.html", depth:1
[01/15/16 16:27:56] [INFO] goroutine#3 parsing url:http://pycm.baidu.com:8081/mirror/index.html, depth:1
[01/15/16 16:27:56] [INFO] add job: http://pycm.baidu.com:8081/3/page3_1.html, depth:2
[01/15/16 16:27:56] [INFO] add job: http://pycm.baidu.com:8081/3/page3_4.html, depth:2
[01/15/16 16:27:56] [INFO] add job: http://pycm.baidu.com:8081/page2_1.html, depth:2
[01/15/16 16:27:56] [INFO] goroutine#6 parsing url:http://pycm.baidu.com:8081/3/page3_4.html, depth:2
[01/15/16 16:27:56] [INFO] add job: http://pycm.baidu.com:8081/2/index.html, depth:2
[01/15/16 16:27:56] [INFO] goroutine#7 parsing url:http://pycm.baidu.com:8081/3/page3_1.html, depth:2
[01/15/16 16:27:56] [INFO] add job: http://pycm.baidu.com:8081/1/page1_1.html, depth:2
[01/15/16 16:27:56] [INFO] add job: http://pycm.baidu.com:8081/1/page1_2.html, depth:2
[01/15/16 16:27:56] [INFO] add job: http://pycm.baidu.com:8081/1/page1_3.html, depth:2
[01/15/16 16:27:56] [INFO] add job: http://pycm.baidu.com:8081/page3_2.html, depth:3
[01/15/16 16:27:56] [EROR] bad status code: 404, url:http://pycm.baidu.com:8081/1/page1_3.html
[01/15/16 16:27:56] [EROR] bad status code: 404, url:http://pycm.baidu.com:8081/page3_2.html
[01/15/16 16:27:57] [INFO] goroutine#0 parsing url:http://pycm.baidu.com:8081/page2_1.html, depth:2
[01/15/16 16:27:57] [INFO] goroutine#4 parsing url:http://pycm.baidu.com:8081/2/index.html, depth:2
[01/15/16 16:27:57] [INFO] goroutine#3 parsing url:http://pycm.baidu.com:8081/1/page1_1.html, depth:2
[01/15/16 16:27:57] [INFO] goroutine#2 parsing url:http://pycm.baidu.com:8081/1/page1_2.html, depth:2
[01/15/16 16:27:57] [INFO] goroutine#1 parsing url:http://pycm.baidu.com:8081/1/page1_3.html, depth:2
[01/15/16 16:27:57] [INFO] goroutine#5 parsing url:http://pycm.baidu.com:8081/page3_2.html, depth:3
[01/15/16 16:27:57] [INFO] add job: http://pycm.baidu.com:8081//page2_1.html, depth:3
[01/15/16 16:27:57] [INFO] add job: http://pycm.baidu.com:8081/3/index.html, depth:3
[01/15/16 16:27:57] [INFO] goroutine#6 parsing url:http://pycm.baidu.com:8081//page2_1.html, depth:3
[01/15/16 16:27:57] [INFO] goroutine#7 parsing url:http://pycm.baidu.com:8081/3/index.html, depth:3
[01/15/16 16:27:57] [EROR] bad status code: 404, url:http://pycm.baidu.com:8081/3/index.html
[01/15/16 16:27:57] [INFO] finiched !, channel len: 0!
